Using CPython 3.12.13 interpreter at: /opt/homebrew/opt/python@3.12/bin/python3.12
Creating virtual environment at: .venv-pt
Activate with: source .venv-pt/bin/activate
Using Python 3.12.13 environment at: .venv-pt
Resolved 45 packages in 125ms
Prepared 2 packages in 64ms
warning: Failed to hardlink files; falling back to full copy. This may lead to degraded performance.
         If the cache and target directories are on different filesystems, hardlinking may not be supported.
         If this is intentional, set `export UV_LINK_MODE=copy` or use `--link-mode=copy` to suppress this warning.
Installed 45 packages in 13.52s
 + accelerate==1.14.0
 + annotated-doc==0.0.4
 + anyio==4.13.0
 + certifi==2026.5.20
 + charset-normalizer==3.4.7
 + click==8.4.1
 + diffusers==0.38.0
 + filelock==3.29.3
 + fsspec==2026.4.0
 + h11==0.16.0
 + hf-xet==1.5.1
 + httpcore==1.0.9
 + httpx==0.28.1
 + huggingface-hub==1.19.0
 + idna==3.18
 + importlib-metadata==9.0.0
 + jinja2==3.1.6
 + markdown-it-py==4.2.0
 + markupsafe==3.0.3
 + mdurl==0.1.2
 + mpmath==1.3.0
 + networkx==3.6.1
 + numpy==2.4.6
 + packaging==26.2
 + pillow==12.2.0
 + psutil==7.2.2
 + pygments==2.20.0
 + pyyaml==6.0.3
 + regex==2026.5.9
 + requests==2.34.2
 + rich==15.0.0
 + safetensors==0.8.0
 + sentencepiece==0.2.1
 + setuptools==81.0.0
 + shellingham==1.5.4
 + sympy==1.14.0
 + tokenizers==0.22.2
 + torch==2.12.0
 + torchvision==0.27.0
 + tqdm==4.68.2
 + transformers==5.12.0
 + typer==0.25.1
 + typing-extensions==4.15.0
 + urllib3==2.7.0
 + zipp==4.1.0
PT_VENV_READY
