Using CPython 3.12.13 interpreter at: /opt/homebrew/opt/python@3.12/bin/python3.12
Creating virtual environment at: .venv
Activate with: source .venv/bin/activate
Resolved 68 packages in 234ms
   Building mflux @ file:///Volumes/DEV_ARCHIVE/ernie-image-mlx/mflux-main
Downloading transformers (10.6MiB)
Downloading matplotlib (8.8MiB)
      Built mflux @ file:///Volumes/DEV_ARCHIVE/ernie-image-mlx/mflux-main
 Downloaded matplotlib
 Downloaded transformers
Prepared 4 packages in 578ms
warning: Failed to hardlink files; falling back to full copy. This may lead to degraded performance.
         If the cache and target directories are on different filesystems, hardlinking may not be supported.
         If this is intentional, set `export UV_LINK_MODE=copy` or use `--link-mode=copy` to suppress this warning.
Installed 68 packages in 17.16s
 + annotated-doc==0.0.4
 + anyio==4.13.0
 + certifi==2026.5.20
 + charset-normalizer==3.4.7
 + click==8.4.1
 + contourpy==1.3.3
 + cycler==0.12.1
 + docutils==0.23
 + filelock==3.29.3
 + fonttools==4.63.0
 + fsspec==2026.4.0
 + h11==0.16.0
 + hf-transfer==0.1.9
 + hf-xet==1.5.1
 + httpcore==1.0.9
 + httpx==0.28.1
 + huggingface-hub==1.19.0
 + id==1.6.1
 + idna==3.18
 + jaraco-classes==3.4.0
 + jaraco-context==6.1.2
 + jaraco-functools==4.5.0
 + jinja2==3.1.6
 + keyring==25.7.0
 + kiwisolver==1.5.0
 + markdown-it-py==4.2.0
 + markupsafe==3.0.3
 + matplotlib==3.11.0
 + mdurl==0.1.2
 + mflux==0.18.0 (from file:///Volumes/DEV_ARCHIVE/ernie-image-mlx/mflux-main)
 + mlx==0.31.2
 + mlx-metal==0.31.2
 + more-itertools==11.1.0
 + mpmath==1.3.0
 + networkx==3.6.1
 + nh3==0.3.5
 + numpy==2.4.6
 + opencv-python==4.13.0.92
 + packaging==26.2
 + piexif==1.1.3
 + pillow==12.2.0
 + platformdirs==4.10.0
 + protobuf==7.35.1
 + pygments==2.20.0
 + pyparsing==3.3.2
 + python-dateutil==2.9.0.post0
 + pyyaml==6.0.3
 + readme-renderer==45.0
 + regex==2026.5.9
 + requests==2.34.2
 + requests-toolbelt==1.0.0
 + rfc3986==2.0.0
 + rich==15.0.0
 + safetensors==0.8.0
 + sentencepiece==0.2.1
 + setuptools==81.0.0
 + shellingham==1.5.4
 + six==1.17.0
 + sympy==1.14.0
 + tokenizers==0.22.2
 + toml==0.10.2
 + torch==2.12.0
 + tqdm==4.68.2
 + transformers==5.12.0
 + twine==6.2.0
 + typer==0.25.1
 + typing-extensions==4.15.0
 + urllib3==2.7.0
Checked 2 packages in 1ms
VENV_READY
